<?xml version="1.0" encoding="UTF-8"?>
<testng-results ignored="0" total="1" passed="1" failed="0" skipped="0">
  <reporter-output>
  </reporter-output>
  <suite started-at="2026-01-13T21:04:58 IST" name="Default suite" finished-at="2026-01-13T21:06:53 IST" duration-ms="114992">
    <groups>
    </groups>
    <test started-at="2026-01-13T21:04:58 IST" name="Default test" finished-at="2026-01-13T21:06:53 IST" duration-ms="114992">
      <class name="testpkg.Logintest">
        <test-method is-config="true" signature="setup()[pri:0, instance:testpkg.Logintest@3eb738bb]" started-at="2026-01-13T21:04:58 IST" name="setup" finished-at="2026-01-13T21:05:04 IST" duration-ms="5371" status="PASS">
          <reporter-output>
          </reporter-output>
        </test-method> <!-- setup -->
        <test-method is-config="true" signature="objectcreation()[pri:0, instance:testpkg.Logintest@3eb738bb]" started-at="2026-01-13T21:05:04 IST" name="objectcreation" finished-at="2026-01-13T21:05:04 IST" duration-ms="101" status="PASS">
          <reporter-output>
          </reporter-output>
        </test-method> <!-- objectcreation -->
        <test-method signature="login()[pri:1, instance:testpkg.Logintest@3eb738bb]" started-at="2026-01-13T21:05:04 IST" name="login" finished-at="2026-01-13T21:06:53 IST" duration-ms="109416" status="PASS">
          <reporter-output>
          </reporter-output>
        </test-method> <!-- login -->
      </class> <!-- testpkg.Logintest -->
    </test> <!-- Default test -->
  </suite> <!-- Default suite -->
</testng-results>
