<?xml version="1.0" encoding="UTF-8"?>
<testng-results ignored="0" total="2" passed="1" failed="1" skipped="0">
  <reporter-output>
  </reporter-output>
  <suite started-at="2026-01-12T19:57:51 IST" name="Default suite" finished-at="2026-01-12T19:57:57 IST" duration-ms="5723">
    <groups>
    </groups>
    <test started-at="2026-01-12T19:57:51 IST" name="Default test" finished-at="2026-01-12T19:57:57 IST" duration-ms="5723">
      <class name="testpkg.Logintest">
        <test-method is-config="true" signature="setup()[pri:0, instance:testpkg.Logintest@185a6e9]" started-at="2026-01-12T19:57:51 IST" name="setup" finished-at="2026-01-12T19:57:57 IST" duration-ms="5372" status="PASS">
          <reporter-output>
          </reporter-output>
        </test-method> <!-- setup -->
        <test-method is-config="true" signature="objectcreation()[pri:0, instance:testpkg.Logintest@185a6e9]" started-at="2026-01-12T19:57:57 IST" name="objectcreation" finished-at="2026-01-12T19:57:57 IST" duration-ms="134" status="PASS">
          <reporter-output>
          </reporter-output>
        </test-method> <!-- objectcreation -->
        <test-method signature="login()[pri:1, instance:testpkg.Logintest@185a6e9]" started-at="2026-01-12T19:57:57 IST" name="login" finished-at="2026-01-12T19:57:57 IST" duration-ms="22" status="PASS">
          <reporter-output>
          </reporter-output>
        </test-method> <!-- login -->
        <test-method is-config="true" signature="objectcreation()[pri:0, instance:testpkg.Logintest@185a6e9]" started-at="2026-01-12T19:57:57 IST" name="objectcreation" finished-at="2026-01-12T19:57:57 IST" duration-ms="12" status="PASS">
          <reporter-output>
          </reporter-output>
        </test-method> <!-- objectcreation -->
        <test-method signature="loginvalidation()[pri:2, instance:testpkg.Logintest@185a6e9]" started-at="2026-01-12T19:57:57 IST" name="loginvalidation" finished-at="2026-01-12T19:57:57 IST" depends-on-methods="testpkg.Logintest.login" duration-ms="9" status="FAIL">
          <exception class="java.lang.AssertionError">
            <message>
              <![CDATA[expected:<false> but was:<All Excel rows failed. No valid login found.>]]>
            </message>
            <full-stacktrace>
              <![CDATA[java.lang.AssertionError: expected:<false> but was:<All Excel rows failed. No valid login found.>
at org.testng.AssertJUnit.fail(AssertJUnit.java:65)
at org.testng.AssertJUnit.failNotEquals(AssertJUnit.java:467)
at org.testng.AssertJUnit.assertEquals(AssertJUnit.java:88)
at org.testng.AssertJUnit.assertEquals(AssertJUnit.java:98)
at testpkg.Logintest.loginvalidation(Logintest.java:61)
at java.base/jdk.internal.reflect.DirectMethodHandleAccessor.invoke(DirectMethodHandleAccessor.java:103)
at java.base/java.lang.reflect.Method.invoke(Method.java:580)
at org.testng.internal.invokers.MethodInvocationHelper.invokeMethod(MethodInvocationHelper.java:141)
at org.testng.internal.invokers.TestInvoker.invokeMethod(TestInvoker.java:687)
at org.testng.internal.invokers.TestInvoker.invokeTestMethod(TestInvoker.java:230)
at org.testng.internal.invokers.MethodRunner.runInSequence(MethodRunner.java:63)
at org.testng.internal.invokers.TestInvoker$MethodInvocationAgent.invoke(TestInvoker.java:995)
at org.testng.internal.invokers.TestInvoker.invokeTestMethods(TestInvoker.java:203)
at org.testng.internal.invokers.TestMethodWorker.invokeTestMethods(TestMethodWorker.java:154)
at org.testng.internal.invokers.TestMethodWorker.run(TestMethodWorker.java:134)
at java.base/java.util.ArrayList.forEach(ArrayList.java:1596)
at org.testng.TestRunner.privateRun(TestRunner.java:741)
at org.testng.TestRunner.run(TestRunner.java:616)
at org.testng.SuiteRunner.runTest(SuiteRunner.java:421)
at org.testng.SuiteRunner.runSequentially(SuiteRunner.java:413)
at org.testng.SuiteRunner.privateRun(SuiteRunner.java:373)
at org.testng.SuiteRunner.run(SuiteRunner.java:312)
at org.testng.SuiteRunnerWorker.runSuite(SuiteRunnerWorker.java:52)
at org.testng.SuiteRunnerWorker.run(SuiteRunnerWorker.java:95)
at org.testng.TestNG.runSuitesSequentially(TestNG.java:1274)
at org.testng.TestNG.runSuitesLocally(TestNG.java:1208)
at org.testng.TestNG.runSuites(TestNG.java:1112)
at org.testng.TestNG.run(TestNG.java:1079)
at org.testng.remote.AbstractRemoteTestNG.run(AbstractRemoteTestNG.java:115)
at org.testng.remote.RemoteTestNG.initAndRun(RemoteTestNG.java:293)
at org.testng.remote.RemoteTestNG.main(RemoteTestNG.java:91)
]]>
            </full-stacktrace>
          </exception> <!-- java.lang.AssertionError -->
          <reporter-output>
          </reporter-output>
        </test-method> <!-- loginvalidation -->
      </class> <!-- testpkg.Logintest -->
    </test> <!-- Default test -->
  </suite> <!-- Default suite -->
</testng-results>
