<?xml version="1.0" encoding="UTF-8"?>
<!-- Generated by org.testng.reporters.JUnitReportReporter -->
<testsuite hostname="Mrjrin" failures="0" tests="4" name="testpkg.Hometest" time="345.224" errors="0" timestamp="2026-01-11T21:32:16 IST" skipped="0">
  <testcase classname="testpkg.Hometest" name="navigate" time="23.551"/>
  <testcase classname="testpkg.Hometest" name="Search" time="16.482"/>
  <testcase classname="testpkg.Hometest" name="validation" time="302.171"/>
  <testcase classname="testpkg.Hometest" name="applyjob" time="3.020"/>
</testsuite> <!-- testpkg.Hometest -->
