<?xml version="1.0" encoding="UTF-8"?>
<!-- Generated by org.testng.reporters.JUnitReportReporter -->
<testsuite hostname="Mrjrin" failures="0" tests="4" name="testpkg.Hometest" time="126.279" errors="0" timestamp="2025-12-28T16:33:25 IST" skipped="0">
  <testcase classname="testpkg.Hometest" name="login1" time="95.072"/>
  <testcase classname="testpkg.Hometest" name="profile" time="2.842"/>
  <testcase classname="testpkg.Hometest" name="file_upload" time="9.098"/>
  <testcase classname="testpkg.Hometest" name="d_job" time="19.267"/>
</testsuite> <!-- testpkg.Hometest -->
