<?xml version="1.0" encoding="UTF-8"?>
<!-- Generated by org.testng.reporters.JUnitReportReporter -->
<testsuite hostname="Mrjrin" failures="0" tests="6" name="testpkg.Home_bl_test" time="286.507" errors="0" timestamp="2025-12-28T21:38:50 IST" skipped="0">
  <testcase classname="testpkg.Home_bl_test" name="logo" time="259.264"/>
  <testcase classname="testpkg.Home_bl_test" name="home_titleverification" time="0.100"/>
  <testcase classname="testpkg.Home_bl_test" name="home_navigation" time="13.334"/>
  <testcase classname="testpkg.Home_bl_test" name="home_scroll" time="11.125"/>
  <testcase classname="testpkg.Home_bl_test" name="Search" time="0.869"/>
  <testcase classname="testpkg.Home_bl_test" name="apply" time="1.815"/>
</testsuite> <!-- testpkg.Home_bl_test -->
